2020-05-02 22:17:36,839 INFO o.a.j.u.JMeterUtils: Setting Locale to en_EN
2020-05-02 22:17:36,849 INFO o.a.j.JMeter: Loading user properties from: C:\Users\victoro\Desktop\apache-jmeter-5.2.1\bin\user.properties
2020-05-02 22:17:36,850 INFO o.a.j.JMeter: Loading system properties from: C:\Users\victoro\Desktop\apache-jmeter-5.2.1\bin\system.properties
2020-05-02 22:17:36,851 INFO o.a.j.JMeter: Copyright (c) 1998-2019 The Apache Software Foundation
2020-05-02 22:17:36,851 INFO o.a.j.JMeter: Version 5.2.1
2020-05-02 22:17:36,851 INFO o.a.j.JMeter: java.version=1.8.0_231
2020-05-02 22:17:36,851 INFO o.a.j.JMeter: java.vm.name=Java HotSpot(TM) 64-Bit Server VM
2020-05-02 22:17:36,852 INFO o.a.j.JMeter: os.name=Windows 10
2020-05-02 22:17:36,852 INFO o.a.j.JMeter: os.arch=amd64
2020-05-02 22:17:36,852 INFO o.a.j.JMeter: os.version=10.0
2020-05-02 22:17:36,852 INFO o.a.j.JMeter: file.encoding=Cp1252
2020-05-02 22:17:36,852 INFO o.a.j.JMeter: java.awt.headless=null
2020-05-02 22:17:36,852 INFO o.a.j.JMeter: Max memory     =1073741824
2020-05-02 22:17:36,852 INFO o.a.j.JMeter: Available Processors =8
2020-05-02 22:17:36,856 INFO o.a.j.JMeter: Default Locale=English (EN)
2020-05-02 22:17:36,856 INFO o.a.j.JMeter: JMeter  Locale=English (EN)
2020-05-02 22:17:36,856 INFO o.a.j.JMeter: JMeterHome=C:\Users\victoro\Desktop\apache-jmeter-5.2.1
2020-05-02 22:17:36,856 INFO o.a.j.JMeter: user.dir  =C:\Users\victoro\eclipse-workspace\jmxgen
2020-05-02 22:17:36,857 INFO o.a.j.JMeter: PWD       =C:\Users\victoro\eclipse-workspace\jmxgen
2020-05-02 22:17:44,383 INFO o.a.j.JMeter: IP: 169.254.204.147 Name: DESKTOP-S7CO0M1 FullName: DESKTOP-S7CO0M1.Openet.com
2020-05-02 22:17:44,562 INFO o.a.j.g.a.LookAndFeelCommand: Installing Darcula LAF
2020-05-02 22:17:44,575 INFO o.a.j.g.a.LookAndFeelCommand: Using look and feel: com.bulenkov.darcula.DarculaLaf [Darcula]
2020-05-02 22:17:44,575 INFO o.a.j.JMeter: Setting LAF to: com.bulenkov.darcula.DarculaLaf
2020-05-02 22:17:44,621 INFO o.a.j.JMeter: Loaded icon properties from org/apache/jmeter/images/icon.properties
2020-05-02 22:17:46,261 INFO o.a.j.p.h.s.HTTPSamplerBase: Parser for text/html is org.apache.jmeter.protocol.http.parser.LagartoBasedHtmlParser
2020-05-02 22:17:46,261 INFO o.a.j.p.h.s.HTTPSamplerBase: Parser for application/xhtml+xml is org.apache.jmeter.protocol.http.parser.LagartoBasedHtmlParser
2020-05-02 22:17:46,261 INFO o.a.j.p.h.s.HTTPSamplerBase: Parser for application/xml is org.apache.jmeter.protocol.http.parser.LagartoBasedHtmlParser
2020-05-02 22:17:46,262 INFO o.a.j.p.h.s.HTTPSamplerBase: Parser for text/xml is org.apache.jmeter.protocol.http.parser.LagartoBasedHtmlParser
2020-05-02 22:17:46,262 INFO o.a.j.p.h.s.HTTPSamplerBase: Parser for text/vnd.wap.wml is org.apache.jmeter.protocol.http.parser.RegexpHTMLParser
2020-05-02 22:17:46,262 INFO o.a.j.p.h.s.HTTPSamplerBase: Parser for text/css is org.apache.jmeter.protocol.http.parser.CssParser
2020-05-02 22:17:46,610 INFO o.a.j.e.KeyToolUtils: keytool found at 'keytool'
2020-05-02 22:17:46,611 INFO o.a.j.p.h.p.ProxyControl: HTTP(S) Test Script Recorder SSL Proxy will use keys that support embedded 3rd party resources in file C:\Users\victoro\Desktop\apache-jmeter-5.2.1\bin\proxyserver.jks
2020-05-02 22:17:46,785 INFO o.a.j.s.FileServer: Default base='C:\Users\victoro\eclipse-workspace\jmxgen'
2020-05-02 22:17:47,682 INFO o.a.j.s.SampleResult: Note: Sample TimeStamps are START times
2020-05-02 22:17:47,682 INFO o.a.j.s.SampleResult: sampleresult.default.encoding is set to ISO-8859-1
2020-05-02 22:17:47,682 INFO o.a.j.s.SampleResult: sampleresult.useNanoTime=true
2020-05-02 22:17:47,683 INFO o.a.j.s.SampleResult: sampleresult.nanoThreadSleep=5000
2020-05-02 22:17:58,545 INFO o.a.j.g.a.Load: Loading file: C:\Users\victoro\eclipse-workspace\jmxgen\jmeter\jmeter-exporter\test.jmx
2020-05-02 22:17:58,546 INFO o.a.j.s.FileServer: Set new base='C:\Users\victoro\eclipse-workspace\jmxgen\jmeter\jmeter-exporter'
2020-05-02 22:17:58,670 INFO o.a.j.s.SaveService: Testplan (JMX) version: 2.2. Testlog (JTL) version: 2.2
2020-05-02 22:17:58,674 INFO o.a.j.s.SaveService: Using SaveService properties file encoding UTF-8
2020-05-02 22:17:58,676 INFO o.a.j.s.SaveService: Using SaveService properties version 5.0
2020-05-02 22:17:58,678 INFO o.a.j.s.SaveService: Loading file: C:\Users\victoro\eclipse-workspace\jmxgen\jmeter\jmeter-exporter\test.jmx
2020-05-02 22:17:58,727 INFO o.a.j.s.FileServer: Set new base='C:\Users\victoro\eclipse-workspace\jmxgen\jmeter\jmeter-exporter'
2020-05-02 22:18:51,583 INFO o.a.j.e.StandardJMeterEngine: Running the test!
2020-05-02 22:18:51,583 INFO o.a.j.s.SampleEvent: List of sample_variables: []
2020-05-02 22:18:51,583 INFO o.a.j.s.SampleEvent: List of sample_variables: []
2020-05-02 22:18:51,585 INFO o.a.j.e.u.CompoundVariable: Note: Function class names must contain the string: '.functions.'
2020-05-02 22:18:51,585 INFO o.a.j.e.u.CompoundVariable: Note: Function class names must not contain the string: '.gui.'
2020-05-02 22:18:51,841 INFO o.a.j.g.u.JMeterMenuBar: setRunning(true, *local*)
2020-05-02 22:18:51,965 INFO o.a.j.e.StandardJMeterEngine: Starting ThreadGroup: 1 : Thread
2020-05-02 22:18:51,965 INFO o.a.j.e.StandardJMeterEngine: Starting 1 threads for group Thread.
2020-05-02 22:18:51,966 INFO o.a.j.e.StandardJMeterEngine: Thread will continue on error
2020-05-02 22:18:51,966 INFO o.a.j.t.ThreadGroup: Starting thread group... number=1 threads=1 ramp-up=1 delayedStart=false
2020-05-02 22:18:51,970 INFO o.a.j.t.ThreadGroup: Started thread group number 1
2020-05-02 22:18:51,970 INFO o.a.j.e.StandardJMeterEngine: All thread groups have been started
2020-05-02 22:18:51,974 INFO o.a.j.t.JMeterThread: Thread started: Thread 1-1
2020-05-02 22:18:51,990 INFO o.a.j.p.h.s.HTTPHCAbstractImpl: Local host = DESKTOP-S7CO0M1
2020-05-02 22:18:51,997 INFO o.a.j.p.h.s.HTTPHC4Impl: HTTP request retry count = 0
2020-05-02 22:18:58,105 INFO o.a.j.t.JMeterThread: Thread is done: Thread 1-1
2020-05-02 22:18:58,106 INFO o.a.j.t.JMeterThread: Thread finished: Thread 1-1
2020-05-02 22:18:58,106 INFO o.a.j.e.StandardJMeterEngine: Notifying test listeners of end of test
2020-05-02 22:18:58,107 INFO o.a.j.g.u.JMeterMenuBar: setRunning(false, *local*)
2020-05-02 22:19:20,031 INFO o.a.j.e.StandardJMeterEngine: Running the test!
2020-05-02 22:19:20,032 INFO o.a.j.s.SampleEvent: List of sample_variables: []
2020-05-02 22:19:20,038 INFO o.a.j.g.u.JMeterMenuBar: setRunning(true, *local*)
2020-05-02 22:19:20,049 INFO o.a.j.e.StandardJMeterEngine: Starting ThreadGroup: 1 : Thread
2020-05-02 22:19:20,064 INFO o.a.j.e.StandardJMeterEngine: Starting 1 threads for group Thread.
2020-05-02 22:19:20,064 INFO o.a.j.e.StandardJMeterEngine: Thread will continue on error
2020-05-02 22:19:20,064 INFO o.a.j.t.ThreadGroup: Starting thread group... number=1 threads=1 ramp-up=1 delayedStart=false
2020-05-02 22:19:20,070 INFO o.a.j.t.ThreadGroup: Started thread group number 1
2020-05-02 22:19:20,071 INFO o.a.j.e.StandardJMeterEngine: All thread groups have been started
2020-05-02 22:19:20,072 INFO o.a.j.t.JMeterThread: Thread started: Thread 1-1
2020-05-02 22:19:26,097 INFO o.a.j.t.JMeterThread: Thread is done: Thread 1-1
2020-05-02 22:19:26,097 INFO o.a.j.t.JMeterThread: Thread finished: Thread 1-1
2020-05-02 22:19:26,098 INFO o.a.j.e.StandardJMeterEngine: Notifying test listeners of end of test
2020-05-02 22:19:26,100 INFO o.a.j.g.u.JMeterMenuBar: setRunning(false, *local*)
